[debug] [2022-04-14T06:06:53.821Z] : 
[debug] [2022-04-14T06:06:53.822Z] : ----------------------------------------------------------------------
[debug] [2022-04-14T06:06:53.823Z] : Command:      C:\Program Files\nodejs\node.exe C:\Users\WELCOME\AppData\Roaming\npm\node_modules\zcatalyst-cli\lib\bin\catalyst.js serve
[debug] [2022-04-14T06:06:53.823Z] : CLI Version:  1.12.1
[debug] [2022-04-14T06:06:53.824Z] : Platform:     win32
[debug] [2022-04-14T06:06:53.824Z] : Node Version: v16.14.2
[debug] [2022-04-14T06:06:53.826Z] : Time:         Thu Apr 14 2022 11:36:53 GMT+0530 (India Standard Time)
[debug] [2022-04-14T06:06:53.826Z] : ----------------------------------------------------------------------
[debug] [2022-04-14T06:06:53.826Z] : 
[debug] [2022-04-14T06:06:55.980Z] : > authorizing via signed-in user option
[debug] [2022-04-14T06:06:55.980Z] : > command requires scopes: ["ZohoCatalyst.projects.ALL","ZohoCatalyst.functions.ALL","ZohoCatalyst.functions.EXECUTE","ZohoCatalyst.webapp.ALL"]
[debug] [2022-04-14T06:06:55.996Z] : > refreshing access token <
[debug] [2022-04-14T06:06:55.997Z] : >>>> HTTP REQUEST : POST https://accounts.zoho.com/oauth/v2/token 
<request body omitted>

[debug] [2022-04-14T06:06:56.792Z] : <<<< HTTP RESPONSE : 200
Response Headers: {"server":"ZGS","date":"Thu, 14 Apr 2022 06:06:55 GMT","content-type":"application/json;charset=UTF-8","content-length":"169","connection":"close","set-cookie":["b266a5bf57=dcb92d0f99dd7421201f8dc746d54606; Path=/","iamcsr=687784fa-b3fe-4f0c-ad3f-ca89c1ef8c4b;path=/;SameSite=None;Secure;priority=high","_zcsr_tmp=687784fa-b3fe-4f0c-ad3f-ca89c1ef8c4b;path=/;SameSite=Strict;Secure;priority=high"],"x-content-type-options":"nosniff","x-xss-protection":"1","x-frame-options":"SAMEORIGIN","content-language":"en-US","strict-transport-security":"max-age=63072000"}

[debug] [2022-04-14T06:06:56.828Z] : >>>> HTTP REQUEST : GET https://api.catalyst.zoho.com/baas/v1/project/8728000000022001 

[debug] [2022-04-14T06:06:57.702Z] : <<<< HTTP RESPONSE : 200
Response Headers: {"server":"ZGS","date":"Thu, 14 Apr 2022 06:06:56 GMT","content-type":"application/vnd.catalyst.v2+json","transfer-encoding":"chunked","connection":"close","set-cookie":["46512fd555=63dd9cf89a6678b816d9580ec827ee61; Path=/","ZD_CSRF_TOKEN=83959aa4-3d16-4d51-a6f3-6bb192a9fdbb;path=/;SameSite=None;Secure;priority=high","_zcsr_tmp=83959aa4-3d16-4d51-a6f3-6bb192a9fdbb;path=/;SameSite=Strict;Secure;priority=high"],"x-content-type-options":"nosniff","x-xss-protection":"1","pragma":"no-cache","cache-control":"private,no-cache,no-store,max-age=0,must-revalidate","expires":"Thu, 01 Jan 1970 00:00:00 GMT","x-frame-options":"DENY","strict-transport-security":"max-age=63072000"}

[debug] [2022-04-14T06:06:57.708Z] : >>>> HTTP REQUEST : GET https://api.catalyst.zoho.com/baas/v1/project/8728000000022001/environment 

[debug] [2022-04-14T06:06:58.461Z] : <<<< HTTP RESPONSE : 200
Response Headers: {"server":"ZGS","date":"Thu, 14 Apr 2022 06:06:56 GMT","content-type":"application/vnd.catalyst.v2+json","transfer-encoding":"chunked","connection":"close","set-cookie":["46512fd555=bbdfb771565421abbe10f7a180903d28; Path=/","ZD_CSRF_TOKEN=cb5b34e4-e22f-494c-b4d7-0333649fb542;path=/;SameSite=None;Secure;priority=high","_zcsr_tmp=cb5b34e4-e22f-494c-b4d7-0333649fb542;path=/;SameSite=Strict;Secure;priority=high"],"x-content-type-options":"nosniff","x-xss-protection":"1","pragma":"no-cache","cache-control":"private,no-cache,no-store,max-age=0,must-revalidate","expires":"Thu, 01 Jan 1970 00:00:00 GMT","x-frame-options":"DENY","strict-transport-security":"max-age=63072000"}

[debug] [2022-04-14T06:06:59.001Z] : >>>> HTTP REQUEST : GET https://api.catalyst.zoho.com/baas/v1/project/8728000000022001/function 
Query params: {"type":"basicio,event,cron,applogic,integration"}

[debug] [2022-04-14T06:06:59.756Z] : <<<< HTTP RESPONSE : 200
Response Headers: {"server":"ZGS","date":"Thu, 14 Apr 2022 06:06:58 GMT","content-type":"application/vnd.catalyst.v2+json","transfer-encoding":"chunked","connection":"close","set-cookie":["46512fd555=ba2a1b22f2a5e14b0d2647f7e38884fc; Path=/","ZD_CSRF_TOKEN=584f50fa-dccc-45a7-8e08-3b3290bfa632;path=/;SameSite=None;Secure;priority=high","_zcsr_tmp=584f50fa-dccc-45a7-8e08-3b3290bfa632;path=/;SameSite=Strict;Secure;priority=high"],"x-content-type-options":"nosniff","x-xss-protection":"1","pragma":"no-cache","cache-control":"private,no-cache,no-store,max-age=0,must-revalidate","expires":"Thu, 01 Jan 1970 00:00:00 GMT","x-frame-options":"DENY","strict-transport-security":"max-age=63072000"}

[debug] [2022-04-14T06:06:59.766Z] : unknown eol undefined hence skipping check
[info] [2022-04-14T06:07:00.304Z] : i server[to_do_list_function]: URL : http://localhost:3000/server/to_do_list_function/
[info] [2022-04-14T06:07:00.305Z] : 
[info] [2022-04-14T06:07:00.522Z] : i client[ToDoApp]: URL : http://localhost:3000/app/
[info] [2022-04-14T06:11:19.092Z] : Change(s) is detected in index.html of the Web-Client.
[info] [2022-04-14T06:22:36.283Z] : Change(s) is detected in index.html of the Web-Client.
